{
  "RSpec": {
    "coverage": {
      "/Users/jordanmanu/Makers-course/Week-4/Bookmark-manager/app.rb": {
        "lines": [
          1,
          1,
          null,
          1,
          1,
          0,
          null,
          null,
          1,
          1,
          null,
          null,
          1,
          null
        ]
      },
      "/Users/jordanmanu/Makers-course/Week-4/Bookmark-manager/spec/features/viewing_bookmark_spec.rb": {
        "lines": [
          null,
          null,
          1,
          1,
          1,
          1,
          null,
          null
        ]
      }
    },
    "timestamp": 1649686679
  }
}
