{
  "RSpec": {
    "coverage": {
      "/Users/jordanmanu/Makers-course/Week-4/Bookmark-manager/app.rb": {
        "lines": [
          1,
          1,
          1,
          null,
          1,
          1,
          0,
          null,
          null,
          1,
          1,
          null,
          null,
          1,
          1,
          1,
          null,
          null,
          1,
          null
        ]
      },
      "/Users/jordanmanu/Makers-course/Week-4/Bookmark-manager/lib/bookmark.rb": {
        "lines": [
          1,
          null,
          1,
          null,
          1,
          2,
          2,
          16,
          null,
          null,
          null
        ]
      },
      "/Users/jordanmanu/Makers-course/Week-4/Bookmark-manager/spec/bookmark_spec.rb": {
        "lines": [
          1,
          null,
          1,
          1,
          1,
          null,
          1,
          1,
          1,
          null,
          null,
          null
        ]
      },
      "/Users/jordanmanu/Makers-course/Week-4/Bookmark-manager/spec/features/view_all_bookmarks_spec.rb": {
        "lines": [
          1,
          1,
          1,
          1,
          1,
          1,
          null,
          null
        ]
      },
      "/Users/jordanmanu/Makers-course/Week-4/Bookmark-manager/spec/features/viewing_bookmark_spec.rb": {
        "lines": [
          1,
          1,
          1,
          1,
          null,
          null
        ]
      }
    },
    "timestamp": 1649699460
  }
}
